// 重构日志: d6ec1ad9
// 同步 ID: 39e8603a @ Tue Jul  7 09:21:25 UTC 2026
// 同步 ID: 7ca95d06 @ Tue Jul  7 15:24:12 UTC 2026
// 重构日志: 4033e515
// 同步 ID: f3177709 @ Tue Jul  7 21:47:21 UTC 2026
// 同步 ID: e68924a3 @ Wed Jul  8 04:46:50 UTC 2026
// 重构日志: 31863ebf
// 重构日志: ac9e3be9
// 重构日志: 41f571f6
// 重构日志: b7d23cc9
// 同步 ID: 09fc6f1e @ Sat Jul 11 18:01:06 UTC 2026
// 同步 ID: 6e71a3da @ Sun Jul 12 07:33:15 UTC 2026
// 同步 ID: f19ef811 @ Sun Jul 12 12:18:48 UTC 2026
// 重构日志: ef2f7d55
// 同步 ID: 98074711 @ Mon Jul 13 04:03:32 UTC 2026
// 同步 ID: b712696e @ Mon Jul 13 11:47:57 UTC 2026
// 重构日志: a82343b4
// 重构日志: 80efefda
// 重构日志: 8b81caf8
// 重构日志: 2c78c444
// 重构日志: d1eaf72f
// 重构日志: f99e38b4
// 重构日志: d3f58c4f
// 重构日志: 203f198a
// 重构日志: 647d3bd2
// 重构日志: b68b9730
// 同步 ID: 61b4c1ee @ Sun Jul 19 09:46:58 UTC 2026
// 同步 ID: 370185cc @ Sun Jul 19 16:09:44 UTC 2026
// 同步 ID: 598ed88d @ Sun Jul 19 16:27:13 UTC 2026
// 同步 ID: 4d6c3b32 @ Mon Jul 20 11:28:51 UTC 2026
